c:\users\d8932\downloads\winmerge-master\plugins\src_vcpp\secretfilehandler\debug\vc142.pdb
c:\users\d8932\downloads\winmerge-master\plugins\src_vcpp\secretfilehandler\debug\vc142.idb
c:\users\d8932\downloads\winmerge-master\plugins\src_vcpp\secretfilehandler\debug\winmergescript.obj
c:\users\d8932\downloads\winmerge-master\plugins\src_vcpp\secretfilehandler\debug\stdafx.obj
c:\users\d8932\downloads\winmerge-master\plugins\src_vcpp\secretfilehandler\debug\secretfilehandler.obj
c:\users\d8932\downloads\winmerge-master\plugins\src_vcpp\secretfilehandler\debug\secretfilehandler.ilk
c:\users\d8932\downloads\winmerge-master\plugins\src_vcpp\secretfilehandler\debug\secretfilehandler.dll
c:\users\d8932\downloads\winmerge-master\plugins\src_vcpp\secretfilehandler\debug\secretfilehandler.pdb
c:\users\d8932\downloads\winmerge-master\plugins\src_vcpp\secretfilehandler\debug\secretfilehandler.tlb
c:\users\d8932\downloads\winmerge-master\plugins\src_vcpp\secretfilehandler\secretfilehandler_p.c
c:\users\d8932\downloads\winmerge-master\plugins\src_vcpp\secretfilehandler\secretfilehandler_i.c
c:\users\d8932\downloads\winmerge-master\plugins\src_vcpp\secretfilehandler\secretfilehandler.h
c:\users\d8932\downloads\winmerge-master\plugins\src_vcpp\secretfilehandler\debug\secretfilehandler.res
c:\users\d8932\downloads\winmerge-master\plugins\src_vcpp\secretfilehandler\debug\secretfilehandler.lib
c:\users\d8932\downloads\winmerge-master\plugins\src_vcpp\secretfilehandler\debug\secretfilehandler.exp
c:\users\d8932\downloads\winmerge-master\plugins\src_vcpp\secretfilehandler\debug\secretfi.a644fba4.tlog\cl.command.1.tlog
c:\users\d8932\downloads\winmerge-master\plugins\src_vcpp\secretfilehandler\debug\secretfi.a644fba4.tlog\cl.read.1.tlog
c:\users\d8932\downloads\winmerge-master\plugins\src_vcpp\secretfilehandler\debug\secretfi.a644fba4.tlog\cl.write.1.tlog
c:\users\d8932\downloads\winmerge-master\plugins\src_vcpp\secretfilehandler\debug\secretfi.a644fba4.tlog\link.command.1.tlog
c:\users\d8932\downloads\winmerge-master\plugins\src_vcpp\secretfilehandler\debug\secretfi.a644fba4.tlog\link.read.1.tlog
c:\users\d8932\downloads\winmerge-master\plugins\src_vcpp\secretfilehandler\debug\secretfi.a644fba4.tlog\link.write.1.tlog
c:\users\d8932\downloads\winmerge-master\plugins\src_vcpp\secretfilehandler\debug\secretfi.a644fba4.tlog\midl.command.1.tlog
c:\users\d8932\downloads\winmerge-master\plugins\src_vcpp\secretfilehandler\debug\secretfi.a644fba4.tlog\midl.read.1.tlog
c:\users\d8932\downloads\winmerge-master\plugins\src_vcpp\secretfilehandler\debug\secretfi.a644fba4.tlog\midl.write.1.tlog
c:\users\d8932\downloads\winmerge-master\plugins\src_vcpp\secretfilehandler\debug\secretfi.a644fba4.tlog\rc.command.1.tlog
c:\users\d8932\downloads\winmerge-master\plugins\src_vcpp\secretfilehandler\debug\secretfi.a644fba4.tlog\rc.read.1.tlog
c:\users\d8932\downloads\winmerge-master\plugins\src_vcpp\secretfilehandler\debug\secretfi.a644fba4.tlog\rc.write.1.tlog
c:\users\d8932\downloads\winmerge-master\plugins\src_vcpp\secretfilehandler\debug\secretfi.a644fba4.tlog\secretfilehandler.write.1u.tlog
