  64 bit Processing .\SecretFileHandler.idl
  SecretFileHandler.idl
  64 bit Processing C:\Program Files (x86)\Windows Kits\10\Include\10.0.19041.0\um\oaidl.idl
  oaidl.idl
  64 bit Processing C:\Program Files (x86)\Windows Kits\10\Include\10.0.19041.0\um\objidl.idl
  objidl.idl
  64 bit Processing C:\Program Files (x86)\Windows Kits\10\Include\10.0.19041.0\um\unknwn.idl
  unknwn.idl
  64 bit Processing C:\Program Files (x86)\Windows Kits\10\Include\10.0.19041.0\shared\wtypes.idl
  wtypes.idl
  64 bit Processing C:\Program Files (x86)\Windows Kits\10\Include\10.0.19041.0\shared\wtypesbase.idl
  wtypesbase.idl
  64 bit Processing C:\Program Files (x86)\Windows Kits\10\Include\10.0.19041.0\shared\basetsd.h
  basetsd.h
  64 bit Processing C:\Program Files (x86)\Windows Kits\10\Include\10.0.19041.0\shared\guiddef.h
  guiddef.h
  64 bit Processing C:\Program Files (x86)\Windows Kits\10\Include\10.0.19041.0\um\ocidl.idl
  ocidl.idl
  64 bit Processing C:\Program Files (x86)\Windows Kits\10\Include\10.0.19041.0\um\oleidl.idl
  oleidl.idl
  64 bit Processing C:\Program Files (x86)\Windows Kits\10\Include\10.0.19041.0\um\servprov.idl
  servprov.idl
  64 bit Processing C:\Program Files (x86)\Windows Kits\10\Include\10.0.19041.0\um\urlmon.idl
  urlmon.idl
  64 bit Processing C:\Program Files (x86)\Windows Kits\10\Include\10.0.19041.0\um\msxml.idl
  msxml.idl
  64 bit Processing C:\Program Files (x86)\Windows Kits\10\Include\10.0.19041.0\um\oaidl.acf
  oaidl.acf
  64 bit Processing C:\Program Files (x86)\Windows Kits\10\Include\10.0.19041.0\um\ocidl.acf
  ocidl.acf
  SecretFileHandler.cpp
  StdAfx.cpp
  WinMergeScript.cpp
C:\Users\d8932\Downloads\winmerge-master\Plugins\src_VCPP\SecretFileHandler\WinMergeScript.cpp(124,18): warning C4996: '_wcstok': This function or variable may be unsafe. Consider using wcstok_s instead. To disable deprecation, use _CRT_SECURE_NO_WARNINGS. See online help for details.
C:\Users\d8932\Downloads\winmerge-master\Plugins\src_VCPP\SecretFileHandler\WinMergeScript.cpp(129,11): warning C4996: '_wcstok': This function or variable may be unsafe. Consider using wcstok_s instead. To disable deprecation, use _CRT_SECURE_NO_WARNINGS. See online help for details.
C:\Users\d8932\Downloads\winmerge-master\Plugins\src_VCPP\SecretFileHandler\WinMergeScript.cpp(363,16): warning C4244: '=': conversion from '__int64' to 'INT', possible loss of data
C:\Users\d8932\Downloads\winmerge-master\Plugins\src_VCPP\SecretFileHandler\WinMergeScript.cpp(299,4): warning C4996: 'wcsncpy': This function or variable may be unsafe. Consider using wcsncpy_s instead. To disable deprecation, use _CRT_SECURE_NO_WARNINGS. See online help for details.
C:\Users\d8932\Downloads\winmerge-master\Plugins\src_VCPP\SecretFileHandler\WinMergeScript.cpp(333,4): warning C4996: 'wcsncpy': This function or variable may be unsafe. Consider using wcsncpy_s instead. To disable deprecation, use _CRT_SECURE_NO_WARNINGS. See online help for details.
C:\Users\d8932\Downloads\winmerge-master\Plugins\src_VCPP\SecretFileHandler\WinMergeScript.cpp(351,4): warning C4996: 'wcsncpy': This function or variable may be unsafe. Consider using wcsncpy_s instead. To disable deprecation, use _CRT_SECURE_NO_WARNINGS. See online help for details.
  Generating Code...
     Creating library x64\Debug\SecretFileHandler.lib and object x64\Debug\SecretFileHandler.exp
  SecretFileHandler.vcxproj -> C:\Users\d8932\Downloads\winmerge-master\Plugins\src_VCPP\SecretFileHandler\x64\Debug\SecretFileHandler.dll
