  Processing .\SecretFileHandler.idl
  SecretFileHandler.idl
  Processing C:\Program Files (x86)\Windows Kits\10\Include\10.0.19041.0\um\oaidl.idl
  oaidl.idl
  Processing C:\Program Files (x86)\Windows Kits\10\Include\10.0.19041.0\um\objidl.idl
  objidl.idl
  Processing C:\Program Files (x86)\Windows Kits\10\Include\10.0.19041.0\um\unknwn.idl
  unknwn.idl
  Processing C:\Program Files (x86)\Windows Kits\10\Include\10.0.19041.0\shared\wtypes.idl
  wtypes.idl
  Processing C:\Program Files (x86)\Windows Kits\10\Include\10.0.19041.0\shared\wtypesbase.idl
  wtypesbase.idl
  Processing C:\Program Files (x86)\Windows Kits\10\Include\10.0.19041.0\shared\basetsd.h
  basetsd.h
  Processing C:\Program Files (x86)\Windows Kits\10\Include\10.0.19041.0\shared\guiddef.h
  guiddef.h
  Processing C:\Program Files (x86)\Windows Kits\10\Include\10.0.19041.0\um\ocidl.idl
  ocidl.idl
  Processing C:\Program Files (x86)\Windows Kits\10\Include\10.0.19041.0\um\oleidl.idl
  oleidl.idl
  Processing C:\Program Files (x86)\Windows Kits\10\Include\10.0.19041.0\um\servprov.idl
  servprov.idl
  Processing C:\Program Files (x86)\Windows Kits\10\Include\10.0.19041.0\um\urlmon.idl
  urlmon.idl
  Processing C:\Program Files (x86)\Windows Kits\10\Include\10.0.19041.0\um\msxml.idl
  msxml.idl
  Processing C:\Program Files (x86)\Windows Kits\10\Include\10.0.19041.0\um\oaidl.acf
  oaidl.acf
  Processing C:\Program Files (x86)\Windows Kits\10\Include\10.0.19041.0\um\ocidl.acf
  ocidl.acf
  mersenne.cpp
C:\Users\d8932\Downloads\winmerge-master\Plugins\src_VCPP\SecretFileHandler\randomc.h(1,1): warning C4819: The file contains a character that cannot be represented in the current code page (950). Save the file in Unicode format to prevent data loss
C:\Users\d8932\Downloads\winmerge-master\Plugins\src_VCPP\SecretFileHandler\mersenne.cpp(94,25): warning C4244: '=': conversion from 'dword' to 'unsigned char', possible loss of data
  SecretFileHandler.cpp
  StdAfx.cpp
  WinMergeScript.cpp
C:\Users\d8932\Downloads\winmerge-master\Plugins\src_VCPP\SecretFileHandler\randomc.h(1,1): warning C4819: The file contains a character that cannot be represented in the current code page (950). Save the file in Unicode format to prevent data loss
C:\Users\d8932\Downloads\winmerge-master\Plugins\src_VCPP\SecretFileHandler\WinMergeScript.cpp(126,18): warning C4996: '_wcstok': This function or variable may be unsafe. Consider using wcstok_s instead. To disable deprecation, use _CRT_SECURE_NO_WARNINGS. See online help for details.
C:\Users\d8932\Downloads\winmerge-master\Plugins\src_VCPP\SecretFileHandler\WinMergeScript.cpp(131,11): warning C4996: '_wcstok': This function or variable may be unsafe. Consider using wcstok_s instead. To disable deprecation, use _CRT_SECURE_NO_WARNINGS. See online help for details.
C:\Users\d8932\Downloads\winmerge-master\Plugins\src_VCPP\SecretFileHandler\WinMergeScript.cpp(340,10): warning C4244: 'initializing': conversion from 'std::streamoff' to 'int', possible loss of data
C:\Users\d8932\Downloads\winmerge-master\Plugins\src_VCPP\SecretFileHandler\WinMergeScript.cpp(348,14): warning C4309: '=': truncation of constant value
C:\Users\d8932\Downloads\winmerge-master\Plugins\src_VCPP\SecretFileHandler\WinMergeScript.cpp(349,14): warning C4309: '=': truncation of constant value
C:\Users\d8932\Downloads\winmerge-master\Plugins\src_VCPP\SecretFileHandler\WinMergeScript.cpp(407,10): warning C4244: 'initializing': conversion from 'std::streamoff' to 'int', possible loss of data
C:\Users\d8932\Downloads\winmerge-master\Plugins\src_VCPP\SecretFileHandler\WinMergeScript.cpp(415,14): warning C4309: '=': truncation of constant value
C:\Users\d8932\Downloads\winmerge-master\Plugins\src_VCPP\SecretFileHandler\WinMergeScript.cpp(416,14): warning C4309: '=': truncation of constant value
  Generating Code...
     Creating library Release\SecretFileHandler.lib and object Release\SecretFileHandler.exp
  SecretFileHandler.vcxproj -> C:\Users\d8932\Downloads\winmerge-master\Plugins\src_VCPP\SecretFileHandler\Release\SecretFileHandler.dll
