c:\users\d8932\downloads\winmerge-master\plugins\src_vcpp\secretfilehandler\release\vc142.pdb
c:\users\d8932\downloads\winmerge-master\plugins\src_vcpp\secretfilehandler\release\winmergescript.obj
c:\users\d8932\downloads\winmerge-master\plugins\src_vcpp\secretfilehandler\release\stdafx.obj
c:\users\d8932\downloads\winmerge-master\plugins\src_vcpp\secretfilehandler\release\secretfilehandler.obj
c:\users\d8932\downloads\winmerge-master\plugins\src_vcpp\secretfilehandler\release\mersenne.obj
c:\users\d8932\downloads\winmerge-master\plugins\src_vcpp\secretfilehandler\release\secretfilehandler.dll
c:\users\d8932\downloads\winmerge-master\plugins\src_vcpp\secretfilehandler\release\secretfilehandler.pdb
c:\users\d8932\downloads\winmerge-master\plugins\src_vcpp\secretfilehandler\release\secretfilehandler.tlb
c:\users\d8932\downloads\winmerge-master\plugins\src_vcpp\secretfilehandler\secretfilehandler_p.c
c:\users\d8932\downloads\winmerge-master\plugins\src_vcpp\secretfilehandler\secretfilehandler_i.c
c:\users\d8932\downloads\winmerge-master\plugins\src_vcpp\secretfilehandler\secretfilehandler.h
c:\users\d8932\downloads\winmerge-master\plugins\src_vcpp\secretfilehandler\release\secretfilehandler.res
c:\users\d8932\downloads\winmerge-master\plugins\src_vcpp\secretfilehandler\release\secretfilehandler.lib
c:\users\d8932\downloads\winmerge-master\plugins\src_vcpp\secretfilehandler\release\secretfilehandler.exp
c:\users\d8932\downloads\winmerge-master\plugins\src_vcpp\secretfilehandler\release\secretfi.a644fba4.tlog\cl.command.1.tlog
c:\users\d8932\downloads\winmerge-master\plugins\src_vcpp\secretfilehandler\release\secretfi.a644fba4.tlog\cl.read.1.tlog
c:\users\d8932\downloads\winmerge-master\plugins\src_vcpp\secretfilehandler\release\secretfi.a644fba4.tlog\cl.write.1.tlog
c:\users\d8932\downloads\winmerge-master\plugins\src_vcpp\secretfilehandler\release\secretfi.a644fba4.tlog\link.command.1.tlog
c:\users\d8932\downloads\winmerge-master\plugins\src_vcpp\secretfilehandler\release\secretfi.a644fba4.tlog\link.read.1.tlog
c:\users\d8932\downloads\winmerge-master\plugins\src_vcpp\secretfilehandler\release\secretfi.a644fba4.tlog\link.write.1.tlog
c:\users\d8932\downloads\winmerge-master\plugins\src_vcpp\secretfilehandler\release\secretfi.a644fba4.tlog\midl.command.1.tlog
c:\users\d8932\downloads\winmerge-master\plugins\src_vcpp\secretfilehandler\release\secretfi.a644fba4.tlog\midl.read.1.tlog
c:\users\d8932\downloads\winmerge-master\plugins\src_vcpp\secretfilehandler\release\secretfi.a644fba4.tlog\midl.write.1.tlog
c:\users\d8932\downloads\winmerge-master\plugins\src_vcpp\secretfilehandler\release\secretfi.a644fba4.tlog\rc.command.1.tlog
c:\users\d8932\downloads\winmerge-master\plugins\src_vcpp\secretfilehandler\release\secretfi.a644fba4.tlog\rc.read.1.tlog
c:\users\d8932\downloads\winmerge-master\plugins\src_vcpp\secretfilehandler\release\secretfi.a644fba4.tlog\rc.write.1.tlog
c:\users\d8932\downloads\winmerge-master\plugins\src_vcpp\secretfilehandler\release\secretfi.a644fba4.tlog\secretfilehandler.write.1u.tlog
